<?xml version="1.0" encoding="UTF-8"?>
<!-- Generated by org.testng.reporters.JUnitReportReporter -->
<testsuite hostname="WINDOWS-R8SKFHD" failures="0" tests="2" name="com.qa.fkart.Tests.fkart_LoginPageTest" time="33.160" errors="0" timestamp="2021-12-08T17:49:00 IST" skipped="0">
  <testcase classname="com.qa.fkart.Tests.fkart_LoginPageTest" name="ValidateTitleTest" time="0.024"/>
  <system-out/>
  <testcase classname="com.qa.fkart.Tests.fkart_LoginPageTest" name="closeLoginTest" time="33.136"/>
  <system-out/>
</testsuite> <!-- com.qa.fkart.Tests.fkart_LoginPageTest -->
